[debug] [2025-09-24T21:35:05.106Z] ----------------------------------------------------------------------
[debug] [2025-09-24T21:35:05.108Z] Command:       C:\Program Files\nodejs\node.exe C:\Users\danka\AppData\Roaming\npm\node_modules\firebase-tools\lib\bin\firebase.js init
[debug] [2025-09-24T21:35:05.108Z] CLI Version:   14.17.0
[debug] [2025-09-24T21:35:05.108Z] Platform:      win32
[debug] [2025-09-24T21:35:05.108Z] Node Version:  v22.19.0
[debug] [2025-09-24T21:35:05.108Z] Time:          Wed Sep 24 2025 22:35:05 GMT+0100 (British Summer Time)
[debug] [2025-09-24T21:35:05.108Z] ----------------------------------------------------------------------
[debug] 
[debug] [2025-09-24T21:35:05.110Z] >>> [apiv2][query] GET https://firebase-public.firebaseio.com/cli.json [none]
[debug] [2025-09-24T21:35:05.145Z] > command requires scopes: ["email","openid","https://www.googleapis.com/auth/cloudplatformprojects.readonly","https://www.googleapis.com/auth/firebase","https://www.googleapis.com/auth/cloud-platform"]
[debug] [2025-09-24T21:35:05.146Z] > authorizing via signed-in user (dankananh@gmail.com)
[info] 
     ######## #### ########  ######## ########     ###     ######  ########
     ##        ##  ##     ## ##       ##     ##  ##   ##  ##       ##
     ######    ##  ########  ######   ########  #########  ######  ######
     ##        ##  ##    ##  ##       ##     ## ##     ##       ## ##
     ##       #### ##     ## ######## ########  ##     ##  ######  ########

You're about to initialize a Firebase project in this directory:

  C:\Users\danka\Documents\planify-gcse

[debug] [2025-09-24T21:35:05.406Z] <<< [apiv2][status] GET https://firebase-public.firebaseio.com/cli.json 200
[debug] [2025-09-24T21:35:05.406Z] <<< [apiv2][body] GET https://firebase-public.firebaseio.com/cli.json {"cloudBuildErrorAfter":1594252800000,"cloudBuildWarnAfter":1590019200000,"defaultNode10After":1594252800000,"minVersion":"3.0.5","node8DeploysDisabledAfter":1613390400000,"node8RuntimeDisabledAfter":1615809600000,"node8WarnAfter":1600128000000}
[debug] [2025-09-24T21:35:35.500Z] ExitPromptError: User force closed the prompt with SIGINT
    at Interface.sigint (C:\Users\danka\AppData\Roaming\npm\node_modules\firebase-tools\node_modules\@inquirer\core\dist\commonjs\lib\create-prompt.js:101:37)
    at Interface.emit (node:events:519:28)
    at Interface.emit (node:domain:489:12)
    at [_ttyWrite] [as _ttyWrite] (node:internal/readline/interface:1132:18)
    at ReadStream.onkeypress (node:internal/readline/interface:271:20)
    at ReadStream.emit (node:events:531:35)
    at ReadStream.emit (node:domain:489:12)
    at emitKeys (node:internal/readline/utils:370:14)
    at emitKeys.next (<anonymous>)
    at ReadStream.onData (node:internal/readline/emitKeypressEvents:64:36)
[error] 
[error] Error: An unexpected error has occurred.
[debug] [2025-09-24T21:35:53.952Z] ----------------------------------------------------------------------
[debug] [2025-09-24T21:35:53.954Z] Command:       C:\Program Files\nodejs\node.exe C:\Users\danka\AppData\Roaming\npm\node_modules\firebase-tools\lib\bin\firebase.js init
[debug] [2025-09-24T21:35:53.955Z] CLI Version:   14.17.0
[debug] [2025-09-24T21:35:53.955Z] Platform:      win32
[debug] [2025-09-24T21:35:53.955Z] Node Version:  v22.19.0
[debug] [2025-09-24T21:35:53.955Z] Time:          Wed Sep 24 2025 22:35:53 GMT+0100 (British Summer Time)
[debug] [2025-09-24T21:35:53.955Z] ----------------------------------------------------------------------
[debug] 
[debug] [2025-09-24T21:35:53.959Z] > command requires scopes: ["email","openid","https://www.googleapis.com/auth/cloudplatformprojects.readonly","https://www.googleapis.com/auth/firebase","https://www.googleapis.com/auth/cloud-platform"]
[debug] [2025-09-24T21:35:53.960Z] > authorizing via signed-in user (dankananh@gmail.com)
[info] 
     ######## #### ########  ######## ########     ###     ######  ########
     ##        ##  ##     ## ##       ##     ##  ##   ##  ##       ##
     ######    ##  ########  ######   ########  #########  ######  ######
     ##        ##  ##    ##  ##       ##     ## ##     ##       ## ##
     ##       #### ##     ## ######## ########  ##     ##  ######  ########

You're about to initialize a Firebase project in this directory:

  C:\Users\danka\Documents\planify-gcse

